<?xml version="1.0" encoding="UTF-8"?>
<coverage generated="1501852506438" clover="3.2.0">
  <project timestamp="1501852506439" name="All files">
    <metrics statements="45" coveredstatements="38" conditionals="22" coveredconditionals="17" methods="11" coveredmethods="10" elements="78" coveredelements="65" complexity="0" loc="45" ncloc="45" packages="5" files="7" classes="7">
      <package name="src">
        <metrics statements="0" coveredstatements="0" conditionals="0" coveredconditionals="0" methods="0" coveredmethods="0"/>
        <file name="messages.js" path="/Users/mvinan/Documents/Projects/Moi/moi-app/src/messages.js">
          <metrics statements="0" coveredstatements="0" conditionals="0" coveredconditionals="0" methods="0" coveredmethods="0"/>
        </file>
      </package>
      <package name="src.commons.components.MoIcon">
        <metrics statements="27" coveredstatements="21" conditionals="14" coveredconditionals="9" methods="4" coveredmethods="4"/>
        <file name="IconImages.js" path="/Users/mvinan/Documents/Projects/Moi/moi-app/src/commons/components/MoIcon/IconImages.js">
          <metrics statements="8" coveredstatements="3" conditionals="0" coveredconditionals="0" methods="0" coveredmethods="0"/>
          <line num="3" count="0" type="stmt"/>
          <line num="10" count="4" type="stmt"/>
          <line num="16" count="0" type="stmt"/>
          <line num="23" count="0" type="stmt"/>
          <line num="29" count="0" type="stmt"/>
          <line num="36" count="4" type="stmt"/>
          <line num="42" count="0" type="stmt"/>
          <line num="49" count="4" type="stmt"/>
        </file>
        <file name="MoIcon.js" path="/Users/mvinan/Documents/Projects/Moi/moi-app/src/commons/components/MoIcon/MoIcon.js">
          <metrics statements="19" coveredstatements="18" conditionals="14" coveredconditionals="9" methods="4" coveredmethods="4"/>
          <line num="7" count="1" type="stmt"/>
          <line num="9" count="1" type="stmt"/>
          <line num="10" count="3" type="stmt"/>
          <line num="11" count="3" type="cond" truecount="2" falsecount="0"/>
          <line num="16" count="6" type="stmt"/>
          <line num="17" count="6" type="stmt"/>
          <line num="19" count="6" type="stmt"/>
          <line num="20" count="6" type="stmt"/>
          <line num="21" count="6" type="stmt"/>
          <line num="23" count="6" type="cond" truecount="1" falsecount="1"/>
          <line num="24" count="0" type="stmt"/>
          <line num="30" count="6" type="stmt"/>
          <line num="37" count="3" type="stmt"/>
          <line num="40" count="3" type="stmt"/>
          <line num="50" count="3" type="cond" truecount="2" falsecount="0"/>
          <line num="51" count="1" type="stmt"/>
          <line num="58" count="2" type="stmt"/>
          <line num="62" count="1" type="stmt"/>
          <line num="69" count="1" type="stmt"/>
        </file>
      </package>
      <package name="src.commons.utils">
        <metrics statements="9" coveredstatements="9" conditionals="6" coveredconditionals="6" methods="3" coveredmethods="3"/>
        <file name="flattenMessages.js" path="/Users/mvinan/Documents/Projects/Moi/moi-app/src/commons/utils/flattenMessages.js">
          <metrics statements="7" coveredstatements="7" conditionals="5" coveredconditionals="5" methods="2" coveredmethods="2"/>
          <line num="2" count="2" type="stmt"/>
          <line num="3" count="3" type="stmt"/>
          <line num="4" count="3" type="cond" truecount="2" falsecount="0"/>
          <line num="6" count="3" type="cond" truecount="2" falsecount="0"/>
          <line num="7" count="2" type="stmt"/>
          <line num="9" count="1" type="stmt"/>
          <line num="12" count="3" type="stmt"/>
        </file>
        <file name="intl-jest.js" path="/Users/mvinan/Documents/Projects/Moi/moi-app/src/commons/utils/intl-jest.js">
          <metrics statements="2" coveredstatements="2" conditionals="1" coveredconditionals="1" methods="1" coveredmethods="1"/>
          <line num="9" count="1" type="stmt"/>
          <line num="16" count="1" type="stmt"/>
        </file>
      </package>
      <package name="src.containers.Home">
        <metrics statements="3" coveredstatements="3" conditionals="0" coveredconditionals="0" methods="1" coveredmethods="1"/>
        <file name="Home.js" path="/Users/mvinan/Documents/Projects/Moi/moi-app/src/containers/Home/Home.js">
          <metrics statements="3" coveredstatements="3" conditionals="0" coveredconditionals="0" methods="1" coveredmethods="1"/>
          <line num="6" count="1" type="stmt"/>
          <line num="7" count="1" type="stmt"/>
          <line num="14" count="1" type="stmt"/>
        </file>
      </package>
      <package name="src.containers.Welcome">
        <metrics statements="6" coveredstatements="5" conditionals="2" coveredconditionals="2" methods="3" coveredmethods="2"/>
        <file name="Welcome.js" path="/Users/mvinan/Documents/Projects/Moi/moi-app/src/containers/Welcome/Welcome.js">
          <metrics statements="6" coveredstatements="5" conditionals="2" coveredconditionals="2" methods="3" coveredmethods="2"/>
          <line num="8" count="0" type="stmt"/>
          <line num="11" count="1" type="stmt"/>
          <line num="30" count="1" type="stmt"/>
          <line num="31" count="1" type="cond" truecount="2" falsecount="0"/>
          <line num="38" count="1" type="stmt"/>
          <line num="43" count="1" type="stmt"/>
        </file>
      </package>
    </metrics>
  </project>
</coverage>
