{"/Users/mvinan/Documents/Projects/Moi/moi-app/src/messages.js": {"path":"/Users/mvinan/Documents/Projects/Moi/moi-app/src/messages.js","statementMap":{},"fnMap":{},"branchMap":{},"s":{},"f":{},"b":{},"_coverageSchema":"332fd63041d2c1bcb487cc26dd0d5f7d97098a6c","hash":"5114eaebe351f775473f57f101b415054c428ce2"}
,"/Users/mvinan/Documents/Projects/Moi/moi-app/src/commons/components/MoIcon/IconImages.js": {"path":"/Users/mvinan/Documents/Projects/Moi/moi-app/src/commons/components/MoIcon/IconImages.js","statementMap":{"0":{"start":{"line":3,"column":4},"end":{"line":6,"column":6}},"1":{"start":{"line":10,"column":4},"end":{"line":13,"column":6}},"2":{"start":{"line":16,"column":4},"end":{"line":19,"column":6}},"3":{"start":{"line":23,"column":4},"end":{"line":26,"column":6}},"4":{"start":{"line":29,"column":4},"end":{"line":32,"column":6}},"5":{"start":{"line":36,"column":4},"end":{"line":39,"column":6}},"6":{"start":{"line":42,"column":4},"end":{"line":45,"column":6}},"7":{"start":{"line":49,"column":4},"end":{"line":52,"column":6}}},"fnMap":{},"branchMap":{},"s":{"0":0,"1":4,"2":0,"3":0,"4":0,"5":4,"6":0,"7":4},"f":{},"b":{},"_coverageSchema":"332fd63041d2c1bcb487cc26dd0d5f7d97098a6c","hash":"c5f18192c6bd8a99302f5ff898f89172cd75790d"}
,"/Users/mvinan/Documents/Projects/Moi/moi-app/src/commons/components/MoIcon/MoIcon.js": {"path":"/Users/mvinan/Documents/Projects/Moi/moi-app/src/commons/components/MoIcon/MoIcon.js","statementMap":{"0":{"start":{"line":7,"column":21},"end":{"line":7,"column":28}},"1":{"start":{"line":9,"column":18},"end":{"line":12,"column":1}},"2":{"start":{"line":10,"column":20},"end":{"line":10,"column":30}},"3":{"start":{"line":11,"column":22},"end":{"line":11,"column":88}},"4":{"start":{"line":16,"column":29},"end":{"line":16,"column":39}},"5":{"start":{"line":17,"column":20},"end":{"line":17,"column":41}},"6":{"start":{"line":19,"column":23},"end":{"line":19,"column":39}},"7":{"start":{"line":20,"column":27},"end":{"line":20,"column":55}},"8":{"start":{"line":21,"column":22},"end":{"line":21,"column":44}},"9":{"start":{"line":23,"column":4},"end":{"line":28,"column":5}},"10":{"start":{"line":24,"column":6},"end":{"line":27,"column":8}},"11":{"start":{"line":30,"column":4},"end":{"line":33,"column":6}},"12":{"start":{"line":37,"column":87},"end":{"line":37,"column":97}},"13":{"start":{"line":40,"column":6},"end":{"line":47,"column":8}},"14":{"start":{"line":50,"column":4},"end":{"line":56,"column":5}},"15":{"start":{"line":51,"column":6},"end":{"line":55,"column":8}},"16":{"start":{"line":58,"column":4},"end":{"line":58,"column":21}},"17":{"start":{"line":62,"column":0},"end":{"line":67,"column":2}},"18":{"start":{"line":69,"column":0},"end":{"line":77,"column":2}}},"fnMap":{"0":{"name":"(anonymous_0)","decl":{"start":{"line":10,"column":11},"end":{"line":10,"column":12}},"loc":{"start":{"line":10,"column":20},"end":{"line":10,"column":30}},"line":10},"1":{"name":"(anonymous_1)","decl":{"start":{"line":11,"column":12},"end":{"line":11,"column":13}},"loc":{"start":{"line":11,"column":22},"end":{"line":11,"column":88}},"line":11},"2":{"name":"(anonymous_2)","decl":{"start":{"line":15,"column":2},"end":{"line":15,"column":3}},"loc":{"start":{"line":15,"column":19},"end":{"line":34,"column":3}},"line":15},"3":{"name":"(anonymous_3)","decl":{"start":{"line":36,"column":2},"end":{"line":36,"column":3}},"loc":{"start":{"line":36,"column":11},"end":{"line":59,"column":3}},"line":36}},"branchMap":{"0":{"loc":{"start":{"line":11,"column":22},"end":{"line":11,"column":88}},"type":"cond-expr","locations":[{"start":{"line":11,"column":51},"end":{"line":11,"column":75}},{"start":{"line":11,"column":78},"end":{"line":11,"column":88}}],"line":11},"1":{"loc":{"start":{"line":23,"column":4},"end":{"line":28,"column":5}},"type":"if","locations":[{"start":{"line":23,"column":4},"end":{"line":28,"column":5}},{"start":{"line":23,"column":4},"end":{"line":28,"column":5}}],"line":23},"2":{"loc":{"start":{"line":31,"column":12},"end":{"line":31,"column":86}},"type":"cond-expr","locations":[{"start":{"line":31,"column":39},"end":{"line":31,"column":64}},{"start":{"line":31,"column":67},"end":{"line":31,"column":86}}],"line":31},"3":{"loc":{"start":{"line":31,"column":12},"end":{"line":31,"column":36}},"type":"binary-expr","locations":[{"start":{"line":31,"column":12},"end":{"line":31,"column":18}},{"start":{"line":31,"column":22},"end":{"line":31,"column":36}}],"line":31},"4":{"loc":{"start":{"line":32,"column":12},"end":{"line":32,"column":86}},"type":"cond-expr","locations":[{"start":{"line":32,"column":39},"end":{"line":32,"column":64}},{"start":{"line":32,"column":67},"end":{"line":32,"column":86}}],"line":32},"5":{"loc":{"start":{"line":32,"column":12},"end":{"line":32,"column":36}},"type":"binary-expr","locations":[{"start":{"line":32,"column":12},"end":{"line":32,"column":18}},{"start":{"line":32,"column":22},"end":{"line":32,"column":36}}],"line":32},"6":{"loc":{"start":{"line":50,"column":4},"end":{"line":56,"column":5}},"type":"if","locations":[{"start":{"line":50,"column":4},"end":{"line":56,"column":5}},{"start":{"line":50,"column":4},"end":{"line":56,"column":5}}],"line":50}},"s":{"0":1,"1":1,"2":3,"3":3,"4":6,"5":6,"6":6,"7":6,"8":6,"9":6,"10":0,"11":6,"12":3,"13":3,"14":3,"15":1,"16":2,"17":1,"18":1},"f":{"0":3,"1":3,"2":6,"3":3},"b":{"0":[1,2],"1":[0,6],"2":[0,6],"3":[6,0],"4":[0,6],"5":[6,0],"6":[1,2]},"_coverageSchema":"332fd63041d2c1bcb487cc26dd0d5f7d97098a6c","hash":"01a15a9d332fac7377d1ccddb01378965d23268f"}
,"/Users/mvinan/Documents/Projects/Moi/moi-app/src/commons/utils/flattenMessages.js": {"path":"/Users/mvinan/Documents/Projects/Moi/moi-app/src/commons/utils/flattenMessages.js","statementMap":{"0":{"start":{"line":2,"column":2},"end":{"line":13,"column":9}},"1":{"start":{"line":3,"column":18},"end":{"line":3,"column":37}},"2":{"start":{"line":4,"column":24},"end":{"line":4,"column":57}},"3":{"start":{"line":6,"column":4},"end":{"line":10,"column":5}},"4":{"start":{"line":7,"column":6},"end":{"line":7,"column":36}},"5":{"start":{"line":9,"column":6},"end":{"line":9,"column":67}},"6":{"start":{"line":12,"column":4},"end":{"line":12,"column":20}}},"fnMap":{"0":{"name":"flattenMessages","decl":{"start":{"line":1,"column":9},"end":{"line":1,"column":24}},"loc":{"start":{"line":1,"column":54},"end":{"line":14,"column":1}},"line":1},"1":{"name":"(anonymous_1)","decl":{"start":{"line":2,"column":44},"end":{"line":2,"column":45}},"loc":{"start":{"line":2,"column":63},"end":{"line":13,"column":3}},"line":2}},"branchMap":{"0":{"loc":{"start":{"line":1,"column":41},"end":{"line":1,"column":52}},"type":"default-arg","locations":[{"start":{"line":1,"column":50},"end":{"line":1,"column":52}}],"line":1},"1":{"loc":{"start":{"line":4,"column":24},"end":{"line":4,"column":57}},"type":"cond-expr","locations":[{"start":{"line":4,"column":33},"end":{"line":4,"column":51}},{"start":{"line":4,"column":54},"end":{"line":4,"column":57}}],"line":4},"2":{"loc":{"start":{"line":6,"column":4},"end":{"line":10,"column":5}},"type":"if","locations":[{"start":{"line":6,"column":4},"end":{"line":10,"column":5}},{"start":{"line":6,"column":4},"end":{"line":10,"column":5}}],"line":6}},"s":{"0":2,"1":3,"2":3,"3":3,"4":2,"5":1,"6":3},"f":{"0":2,"1":3},"b":{"0":[1],"1":[2,1],"2":[2,1]},"_coverageSchema":"332fd63041d2c1bcb487cc26dd0d5f7d97098a6c","hash":"0dcbdd213dbcda03395242560c1b73588faa0a35"}
,"/Users/mvinan/Documents/Projects/Moi/moi-app/src/commons/utils/intl-jest.js": {"path":"/Users/mvinan/Documents/Projects/Moi/moi-app/src/commons/utils/intl-jest.js","statementMap":{"0":{"start":{"line":9,"column":32},"end":{"line":20,"column":1}},"1":{"start":{"line":16,"column":5},"end":{"line":20,"column":1}}},"fnMap":{"0":{"name":"(anonymous_0)","decl":{"start":{"line":9,"column":32},"end":{"line":9,"column":33}},"loc":{"start":{"line":16,"column":5},"end":{"line":20,"column":1}},"line":16}},"branchMap":{"0":{"loc":{"start":{"line":11,"column":2},"end":{"line":15,"column":3}},"type":"default-arg","locations":[{"start":{"line":11,"column":10},"end":{"line":15,"column":3}}],"line":11}},"s":{"0":1,"1":1},"f":{"0":1},"b":{"0":[1]},"_coverageSchema":"332fd63041d2c1bcb487cc26dd0d5f7d97098a6c","hash":"712a49150d4caa1a0347c38ac08b90e61fe5b033"}
,"/Users/mvinan/Documents/Projects/Moi/moi-app/src/containers/Home/Home.js": {"path":"/Users/mvinan/Documents/Projects/Moi/moi-app/src/containers/Home/Home.js","statementMap":{"0":{"start":{"line":6,"column":13},"end":{"line":12,"column":1}},"1":{"start":{"line":7,"column":2},"end":{"line":11,"column":17}},"2":{"start":{"line":14,"column":21},"end":{"line":18,"column":1}}},"fnMap":{"0":{"name":"(anonymous_0)","decl":{"start":{"line":6,"column":13},"end":{"line":6,"column":14}},"loc":{"start":{"line":7,"column":2},"end":{"line":11,"column":17}},"line":7}},"branchMap":{},"s":{"0":1,"1":1,"2":1},"f":{"0":1},"b":{},"_coverageSchema":"332fd63041d2c1bcb487cc26dd0d5f7d97098a6c","hash":"d9ef758d72694609c9ec944b941a6530af0d2769"}
,"/Users/mvinan/Documents/Projects/Moi/moi-app/src/containers/Welcome/Welcome.js": {"path":"/Users/mvinan/Documents/Projects/Moi/moi-app/src/containers/Welcome/Welcome.js","statementMap":{"0":{"start":{"line":8,"column":19},"end":{"line":8,"column":33}},"1":{"start":{"line":11,"column":4},"end":{"line":22,"column":6}},"2":{"start":{"line":30,"column":14},"end":{"line":36,"column":1}},"3":{"start":{"line":31,"column":26},"end":{"line":31,"column":40}},"4":{"start":{"line":38,"column":19},"end":{"line":41,"column":1}},"5":{"start":{"line":43,"column":17},"end":{"line":48,"column":1}}},"fnMap":{"0":{"name":"(anonymous_0)","decl":{"start":{"line":8,"column":13},"end":{"line":8,"column":14}},"loc":{"start":{"line":8,"column":19},"end":{"line":8,"column":33}},"line":8},"1":{"name":"(anonymous_1)","decl":{"start":{"line":10,"column":2},"end":{"line":10,"column":3}},"loc":{"start":{"line":10,"column":11},"end":{"line":23,"column":3}},"line":10},"2":{"name":"(anonymous_2)","decl":{"start":{"line":31,"column":11},"end":{"line":31,"column":12}},"loc":{"start":{"line":31,"column":26},"end":{"line":31,"column":40}},"line":31}},"branchMap":{"0":{"loc":{"start":{"line":31,"column":26},"end":{"line":31,"column":40}},"type":"binary-expr","locations":[{"start":{"line":31,"column":26},"end":{"line":31,"column":31}},{"start":{"line":31,"column":35},"end":{"line":31,"column":40}}],"line":31}},"s":{"0":0,"1":1,"2":1,"3":1,"4":1,"5":1},"f":{"0":0,"1":1,"2":1},"b":{"0":[1,1]},"_coverageSchema":"332fd63041d2c1bcb487cc26dd0d5f7d97098a6c","hash":"91ddb73407e9865d63a3434850cd5ee2077c6884"}
}
