TN:
SF:/Users/mvinan/Documents/Projects/Moi/moi-app/src/messages.js
FNF:0
FNH:0
LF:0
LH:0
BRF:0
BRH:0
end_of_record
TN:
SF:/Users/mvinan/Documents/Projects/Moi/moi-app/src/commons/components/MoIcon/IconImages.js
FNF:0
FNH:0
DA:3,0
DA:10,4
DA:16,0
DA:23,0
DA:29,0
DA:36,4
DA:42,0
DA:49,4
LF:8
LH:3
BRF:0
BRH:0
end_of_record
TN:
SF:/Users/mvinan/Documents/Projects/Moi/moi-app/src/commons/components/MoIcon/MoIcon.js
FN:10,(anonymous_0)
FN:11,(anonymous_1)
FN:15,(anonymous_2)
FN:36,(anonymous_3)
FNF:4
FNH:4
FNDA:3,(anonymous_0)
FNDA:3,(anonymous_1)
FNDA:6,(anonymous_2)
FNDA:3,(anonymous_3)
DA:7,1
DA:9,1
DA:10,3
DA:11,3
DA:16,6
DA:17,6
DA:19,6
DA:20,6
DA:21,6
DA:23,6
DA:24,0
DA:30,6
DA:37,3
DA:40,3
DA:50,3
DA:51,1
DA:58,2
DA:62,1
DA:69,1
LF:19
LH:18
BRDA:11,0,0,1
BRDA:11,0,1,2
BRDA:23,1,0,0
BRDA:23,1,1,6
BRDA:31,2,0,0
BRDA:31,2,1,6
BRDA:31,3,0,6
BRDA:31,3,1,0
BRDA:32,4,0,0
BRDA:32,4,1,6
BRDA:32,5,0,6
BRDA:32,5,1,0
BRDA:50,6,0,1
BRDA:50,6,1,2
BRF:14
BRH:9
end_of_record
TN:
SF:/Users/mvinan/Documents/Projects/Moi/moi-app/src/commons/utils/flattenMessages.js
FN:1,flattenMessages
FN:2,(anonymous_1)
FNF:2
FNH:2
FNDA:2,flattenMessages
FNDA:3,(anonymous_1)
DA:2,2
DA:3,3
DA:4,3
DA:6,3
DA:7,2
DA:9,1
DA:12,3
LF:7
LH:7
BRDA:1,0,0,1
BRDA:4,1,0,2
BRDA:4,1,1,1
BRDA:6,2,0,2
BRDA:6,2,1,1
BRF:5
BRH:5
end_of_record
TN:
SF:/Users/mvinan/Documents/Projects/Moi/moi-app/src/commons/utils/intl-jest.js
FN:9,(anonymous_0)
FNF:1
FNH:1
FNDA:1,(anonymous_0)
DA:9,1
DA:16,1
LF:2
LH:2
BRDA:11,0,0,1
BRF:1
BRH:1
end_of_record
TN:
SF:/Users/mvinan/Documents/Projects/Moi/moi-app/src/containers/Home/Home.js
FN:6,(anonymous_0)
FNF:1
FNH:1
FNDA:1,(anonymous_0)
DA:6,1
DA:7,1
DA:14,1
LF:3
LH:3
BRF:0
BRH:0
end_of_record
TN:
SF:/Users/mvinan/Documents/Projects/Moi/moi-app/src/containers/Welcome/Welcome.js
FN:8,(anonymous_0)
FN:10,(anonymous_1)
FN:31,(anonymous_2)
FNF:3
FNH:2
FNDA:0,(anonymous_0)
FNDA:1,(anonymous_1)
FNDA:1,(anonymous_2)
DA:8,0
DA:11,1
DA:30,1
DA:31,1
DA:38,1
DA:43,1
LF:6
LH:5
BRDA:31,0,0,1
BRDA:31,0,1,1
BRF:2
BRH:2
end_of_record
